\BOOKMARK [1][-]{section.1}{\376\377\000E\000i\000n\000l\000e\000i\000t\000u\000n\000g}{}% 1
\BOOKMARK [1][-]{section.2}{\376\377\000S\000t\000a\000r\000t\000\040\000d\000e\000r\000\040\000A\000n\000w\000e\000n\000d\000u\000n\000g\000\040\000u\000n\000d\000\040\000e\000r\000s\000t\000e\000\040\000H\000a\000n\000d\000l\000u\000n\000g\000e\000n}{}% 2
\BOOKMARK [2][-]{subsection.2.1}{\376\377\000E\000r\000s\000t\000e\000\040\000H\000a\000n\000d\000l\000u\000n\000g\000e\000n}{section.2}% 3
\BOOKMARK [1][-]{section.3}{\376\377\000B\000e\000a\000r\000b\000e\000i\000t\000e\000n\000\040\000d\000e\000r\000\040\000K\000l\000a\000u\000s\000u\000r}{}% 4
\BOOKMARK [2][-]{subsection.3.1}{\376\377\000K\000l\000a\000u\000s\000u\000r\000f\000o\000r\000m\000a\000l\000i\000t\000\344\000t\000e\000n}{section.3}% 5
\BOOKMARK [3][-]{subsubsection.3.1.1}{\376\377\000T\000i\000t\000e\000l}{subsection.3.1}% 6
\BOOKMARK [3][-]{subsubsection.3.1.2}{\376\377\000N\000a\000m\000e}{subsection.3.1}% 7
\BOOKMARK [3][-]{subsubsection.3.1.3}{\376\377\000V\000o\000r\000n\000a\000m\000e}{subsection.3.1}% 8
\BOOKMARK [3][-]{subsubsection.3.1.4}{\376\377\000D\000a\000t\000u\000m}{subsection.3.1}% 9
\BOOKMARK [2][-]{subsection.3.2}{\376\377\000A\000u\000f\000g\000a\000b\000e\000n\000s\000t\000e\000l\000l\000u\000n\000g\000e\000n}{section.3}% 10
\BOOKMARK [3][-]{subsubsection.3.2.1}{\376\377\000A\000u\000f\000g\000a\000b\000e\000n\000n\000u\000m\000m\000e\000r}{subsection.3.2}% 11
\BOOKMARK [3][-]{subsubsection.3.2.2}{\376\377\000\334\000b\000e\000r\000s\000c\000h\000r\000i\000f\000t}{subsection.3.2}% 12
\BOOKMARK [3][-]{subsubsection.3.2.3}{\376\377\000B\000e\000s\000c\000h\000r\000e\000i\000b\000u\000n\000g\000/\000A\000u\000f\000g\000a\000b\000e\000n\000l\000\366\000s\000u\000n\000g}{subsection.3.2}% 13
\BOOKMARK [1][-]{section.4}{\376\377\000S\000p\000e\000i\000c\000h\000e\000r\000n}{}% 14
\BOOKMARK [2][-]{subsection.4.1}{\376\377\000E\000r\000s\000t\000e\000\040\000S\000p\000e\000i\000c\000h\000e\000r\000u\000n\000g}{section.4}% 15
\BOOKMARK [2][-]{subsection.4.2}{\376\377\000W\000e\000i\000t\000e\000r\000e\000s\000\040\000S\000p\000e\000i\000c\000h\000e\000r\000n}{section.4}% 16
\BOOKMARK [2][-]{subsection.4.3}{\376\377\000B\000a\000c\000k\000u\000p\000s}{section.4}% 17
\BOOKMARK [1][-]{section.5}{\376\377\000A\000b\000g\000a\000b\000e}{}% 18
\BOOKMARK [2][-]{subsection.5.1}{\376\377\000A\000b\000g\000a\000b\000e\000v\000o\000r\000g\000a\000n\000g}{section.5}% 19
\BOOKMARK [2][-]{subsection.5.2}{\376\377\000A\000b\000g\000a\000b\000e\000a\000t\000t\000r\000i\000b\000u\000t\000e}{section.5}% 20
\BOOKMARK [1][-]{section.6}{\376\377\000W\000e\000i\000t\000e\000r\000e\000\040\000H\000i\000n\000w\000e\000i\000s\000e}{}% 21
\BOOKMARK [1][-]{section.7}{\376\377\000A\000b\000s\000c\000h\000l\000u\000s\000s}{}% 22
